(---------------------------------------------------------------------)
(                                                                     )
(    STEP Export                                                      )
(                                                                     )
(    Software Version : 17.2S025                                      )
(    Date/Time        : Fri Feb 23 09:12:07 2018                      )
(                                                                     )
(---------------------------------------------------------------------)




STEP file: ISL6236A PCB V1I1
Design file: D:/Courses/Learn OrCAD and Allegro Essentials/Design Files/V1I1/ISL6236A PCB V1I1.brd
Export units: Millimeter
STEP protocol: AP-214
Source identification: allegro_17.2S025
Export selected and highlighted parts?: NO
Export secondary parts?: NO
Export parts with mapped STEP Models?: YES
Export parts without mapped STEP Models?: NO
Export assemblies and enclosures parts?: NO
Export mechanical drills?: YES
Export electrical through pin drills?: YES
Export electrical through via drills?: NO
Export bare board only?: NO
Export external copper?: NO
step_out complete.
