{ Using PSTWRITER 17.2.0 d001Feb-21-2018 at 08:35:30 }

#1 WARNING(ORCAP-36050): No pins are present in PCB1. Ignoring this component in netlist.
#2 WARNING(ORCAP-36006): Part Name "CAP CER 4.7UF 35V X5R 1206_C1206_4U7, 35V" is renamed to "CAP CER 4.7UF 35V X5R 1206_C120".
#3 WARNING(ORCAP-36006): Part Name "CAP TANT POLY 330UF 10V 2917_7343-43_330UF, 10V" is renamed to "CAP TANT POLY 330UF 10V 2917_73".
#4 WARNING(ORCAP-36006): Part Name "CAP CER 10000PF 50V X7R 0805_C0805_10NF" is renamed to "CAP CER 10000PF 50V X7R 0805_C0".
#5 WARNING(ORCAP-36006): Part Name "CAP CER 0.1UF 50V X7R 0805_C0805_100NF" is renamed to "CAP CER 0.1UF 50V X7R 0805_C080".
#6 WARNING(ORCAP-36006): Part Name "CAP CER 1UF 50V X7R 0805_C0805_1UF, 50V" is renamed to "CAP CER 1UF 50V X7R 0805_C0805_".
#7 WARNING(ORCAP-36006): Part Name "CAP CER 10UF 50V X5R 1210_C1210_10UF, 50V" is renamed to "CAP CER 10UF 50V X5R 1210_C1210".
#8 WARNING(ORCAP-36006): Part Name "CAP CER 0.22UF 50V X7R 0805_C0805_220NF" is renamed to "CAP CER 0.22UF 50V X7R 0805_C08".
#9 WARNING(ORCAP-36006): Part Name "FIDUCIAL M80MILXD40MIL_FID_M80MIL_D40MIL_MECHANICAL_FIDUCIAL M80MILXD40MIL" is renamed to "FIDUCIAL M80MILXD40MIL_FID_M80M".
#10 WARNING(ORCAP-36006): Part Name "PAD D4MMXH1MM5_PAD_4MMX1MM5_4MM X 1.5MM" is renamed to "PAD D4MMXH1MM5_PAD_4MMX1MM5_4MM".
#11 WARNING(ORCAP-36006): Part Name "FIXED IND 3.3UH 9.26A 6.3 MOHM_DR125_3U3, DR125-3R3-R" is renamed to "FIXED IND 3.3UH 9.26A 6.3 MOHM_".
#12 WARNING(ORCAP-36006): Part Name "FIXED IND 2.2UH 10.9A 4.5 MOHM_DR125_2U2, DR125-2R2-R" is renamed to "FIXED IND 2.2UH 10.9A 4.5 MOHM_".
#13 WARNING(ORCAP-36006): Part Name "MOUNTING HOLE D7MM4XH3MM2_MH_D7MM4_H3MM2_7.4MM, 3.2MM" is renamed to "MOUNTING HOLE D7MM4XH3MM2_MH_D7".
#14 WARNING(ORCAP-36006): Part Name "PCB ISL6236A PROJECT V1I1__PCB ISL6236A PROJECT V1I1" is renamed to "PCB ISL6236A PROJECT V1I1__PCB".
#15 WARNING(ORCAP-36006): Part Name "SI4816BDY-T1-GE3_SO-8_SI4816BDY-T1-GE3" is renamed to "SI4816BDY-T1-GE3_SO-8_SI4816BDY".
#16 WARNING(ORCAP-36006): Part Name "RES SMD 0 OHM JUMPER 1/8W 0805_R0805_0R" is renamed to "RES SMD 0 OHM JUMPER 1/8W 0805_".
#17 WARNING(ORCAP-36006): Part Name "RES SMD 200K OHM 1% 1/8W 0805_R0805_200K, 1%" is renamed to "RES SMD 200K OHM 1% 1/8W 0805_R".
#18 WARNING(ORCAP-36006): Part Name "RES SMD 10K OHM 1% 1/8W 0805_R0805_10K, 1%" is renamed to "RES SMD 10K OHM 1% 1/8W 0805_R0".
#19 WARNING(ORCAP-36006): Part Name "RES SMD 10 OHM 1% 1/8W 0805_R0805_10R, 1%" is renamed to "RES SMD 10 OHM 1% 1/8W 0805_R08".
#20 WARNING(ORCAP-36006): Part Name "RES SMD 1 OHM 1% 1/8W 0805_R0805_1R, 1%" is renamed to "RES SMD 1 OHM 1% 1/8W 0805_R080".
#21 WARNING(ORCAP-36006): Part Name "TESTPOINT D40MIL_TP_40MIL_TESTPOINT 40MIL" is renamed to "TESTPOINT D40MIL_TP_40MIL_TESTP".
#22 WARNING(ORCAP-36006): Part Name "ISL6236AIRZ_L32_5X5B_ISL6236AIRZ" is renamed to "ISL6236AIRZ_L32_5X5B_ISL6236AIR".
INFO(ORCAP-36080): Scanning netlist files ...

Loading... D:\COURSES\LEARN ORCAD AND ALLEGRO ESSENTIALS\DESIGN FILES\V1I1\allegro/pstchip.dat

Loading... D:\COURSES\LEARN ORCAD AND ALLEGRO ESSENTIALS\DESIGN FILES\V1I1\allegro/pstchip.dat

Loading... D:\COURSES\LEARN ORCAD AND ALLEGRO ESSENTIALS\DESIGN FILES\V1I1\allegro/pstxprt.dat

Loading... D:\COURSES\LEARN ORCAD AND ALLEGRO ESSENTIALS\DESIGN FILES\V1I1\allegro/pstxnet.dat
packaging the design view...